Using pre-set license
Built from '2022.3/staging' branch; Version is '2022.3.54f1 (129125d4e700) revision 1216805'; Using compiler version '192829333'; Build Type 'Release'
OS: 'Windows 11  (10.0.22631) 64bit CoreSingleLanguage' Language: 'en' Physical Memory: 15706 MB
BatchMode: 1, IsHumanControllingUs: 0, StartBugReporterOnCrash: 0, Is64bit: 1, IsPro: 1

COMMAND LINE ARGUMENTS:
C:\Program Files\Unity\Hub\Editor\2022.3.54f1\Editor\Unity.exe
-adb2
-batchMode
-noUpm
-name
AssetImportWorker2
-projectPath
D:/BTL EM Hịp/HoangHiep_PTUDG_Nhom1/BTL_1
-logFile
Logs/AssetImportWorker2.log
-srvPort
50103
Successfully changed project path to: D:/BTL EM Hịp/HoangHiep_PTUDG_Nhom1/BTL_1
D:/BTL EM Hịp/HoangHiep_PTUDG_Nhom1/BTL_1
[UnityMemory] Configuration Parameters - Can be set up in boot.config
    "memorysetup-bucket-allocator-granularity=16"
    "memorysetup-bucket-allocator-bucket-count=8"
    "memorysetup-bucket-allocator-block-size=33554432"
    "memorysetup-bucket-allocator-block-count=8"
    "memorysetup-main-allocator-block-size=16777216"
    "memorysetup-thread-allocator-block-size=16777216"
    "memorysetup-gfx-main-allocator-block-size=16777216"
    "memorysetup-gfx-thread-allocator-block-size=16777216"
    "memorysetup-cache-allocator-block-size=4194304"
    "memorysetup-typetree-allocator-block-size=2097152"
    "memorysetup-profiler-bucket-allocator-granularity=16"
    "memorysetup-profiler-bucket-allocator-bucket-count=8"
    "memorysetup-profiler-bucket-allocator-block-size=33554432"
    "memorysetup-profiler-bucket-allocator-block-count=8"
    "memorysetup-profiler-allocator-block-size=16777216"
    "memorysetup-profiler-editor-allocator-block-size=1048576"
    "memorysetup-temp-allocator-size-main=16777216"
    "memorysetup-job-temp-allocator-block-size=2097152"
    "memorysetup-job-temp-allocator-block-size-background=1048576"
    "memorysetup-job-temp-allocator-reduction-small-platforms=262144"
    "memorysetup-allocator-temp-initial-block-size-main=262144"
    "memorysetup-allocator-temp-initial-block-size-worker=262144"
    "memorysetup-temp-allocator-size-background-worker=32768"
    "memorysetup-temp-allocator-size-job-worker=262144"
    "memorysetup-temp-allocator-size-preload-manager=33554432"
    "memorysetup-temp-allocator-size-nav-mesh-worker=65536"
    "memorysetup-temp-allocator-size-audio-worker=65536"
    "memorysetup-temp-allocator-size-cloud-worker=32768"
    "memorysetup-temp-allocator-size-gi-baking-worker=262144"
    "memorysetup-temp-allocator-size-gfx=262144"
Player connection [29152]  Target information:

Player connection [29152]  * "[IP] 192.168.123.11 [Port] 0 [Flags] 2 [Guid] 3117781371 [EditorId] 3117781371 [Version] 1048832 [Id] WindowsEditor(7,XuanDuke181) [Debug] 1 [PackageName] WindowsEditor [ProjectName] Editor" 

Player connection [29152] Host joined multi-casting on [225.0.0.222:54997]...
Player connection [29152] Host joined alternative multi-casting on [225.0.0.222:34997]...
[PhysX] Initialized MultithreadedTaskDispatcher with 12 workers.
Refreshing native plugins compatible for Editor in 12.42 ms, found 4 plugins.
Preloading 0 native plugins for Editor in 0.00 ms.
Initialize engine version: 2022.3.54f1 (129125d4e700)
[Subsystems] Discovering subsystems at path C:/Program Files/Unity/Hub/Editor/2022.3.54f1/Editor/Data/Resources/UnitySubsystems
[Subsystems] Discovering subsystems at path D:/BTL EM Hịp/HoangHiep_PTUDG_Nhom1/BTL_1/Assets
GfxDevice: creating device client; threaded=0; jobified=0
Direct3D:
    Version:  Direct3D 11.0 [level 11.1]
    Renderer: NVIDIA GeForce GTX 1650 (ID=0x1f9d)
    Vendor:   NVIDIA
    VRAM:     3937 MB
    Driver:   32.0.15.6614
Initialize mono
Mono path[0] = 'C:/Program Files/Unity/Hub/Editor/2022.3.54f1/Editor/Data/Managed'
Mono path[1] = 'C:/Program Files/Unity/Hub/Editor/2022.3.54f1/Editor/Data/MonoBleedingEdge/lib/mono/unityjit-win32'
Mono config path = 'C:/Program Files/Unity/Hub/Editor/2022.3.54f1/Editor/Data/MonoBleedingEdge/etc'
Using monoOptions --debugger-agent=transport=dt_socket,embedding=1,server=y,suspend=n,address=127.0.0.1:56844
Begin MonoManager ReloadAssembly
Registering precompiled unity dll's ...
Register platform support module: C:/Program Files/Unity/Hub/Editor/2022.3.54f1/Editor/Data/PlaybackEngines/WindowsStandaloneSupport/UnityEditor.WindowsStandalone.Extensions.dll
Registered in 0.005267 seconds.
- Loaded All Assemblies, in  0.349 seconds
Native extension for WindowsStandalone target not found
Mono: successfully reloaded assembly
- Finished resetting the current domain, in  0.277 seconds
Domain Reload Profiling: 625ms
	BeginReloadAssembly (102ms)
		ExecutionOrderSort (0ms)
		DisableScriptedObjects (0ms)
		BackupInstance (0ms)
		ReleaseScriptingObjects (0ms)
		CreateAndSetChildDomain (1ms)
	RebuildCommonClasses (36ms)
	RebuildNativeTypeToScriptingClass (12ms)
	initialDomainReloadingComplete (55ms)
	LoadAllAssembliesAndSetupDomain (142ms)
		LoadAssemblies (100ms)
		RebuildTransferFunctionScriptingTraits (0ms)
		AnalyzeDomain (141ms)
			TypeCache.Refresh (139ms)
				TypeCache.ScanAssembly (127ms)
			ScanForSourceGeneratedMonoScriptInfo (0ms)
			ResolveRequiredComponents (1ms)
	FinalizeReload (277ms)
		ReleaseScriptCaches (0ms)
		RebuildScriptCaches (0ms)
		SetupLoadedEditorAssemblies (228ms)
			LogAssemblyErrors (0ms)
			InitializePlatformSupportModulesInManaged (9ms)
			SetLoadedEditorAssemblies (8ms)
			RefreshPlugins (0ms)
			BeforeProcessingInitializeOnLoad (2ms)
			ProcessInitializeOnLoadAttributes (159ms)
			ProcessInitializeOnLoadMethodAttributes (49ms)
			AfterProcessingInitializeOnLoad (0ms)
			EditorAssembliesLoaded (0ms)
		ExecutionOrderSort2 (0ms)
		AwakeInstancesAfterBackupRestoration (0ms)
========================================================================
Worker process is ready to serve import requests
Caller must complete domain reload
Begin MonoManager ReloadAssembly
- Loaded All Assemblies, in  0.652 seconds
Native extension for WindowsStandalone target not found
Mono: successfully reloaded assembly
- Finished resetting the current domain, in  0.973 seconds
Domain Reload Profiling: 1625ms
	BeginReloadAssembly (142ms)
		ExecutionOrderSort (0ms)
		DisableScriptedObjects (7ms)
		BackupInstance (0ms)
		ReleaseScriptingObjects (0ms)
		CreateAndSetChildDomain (22ms)
	RebuildCommonClasses (35ms)
	RebuildNativeTypeToScriptingClass (11ms)
	initialDomainReloadingComplete (40ms)
	LoadAllAssembliesAndSetupDomain (423ms)
		LoadAssemblies (293ms)
		RebuildTransferFunctionScriptingTraits (0ms)
		AnalyzeDomain (207ms)
			TypeCache.Refresh (176ms)
				TypeCache.ScanAssembly (156ms)
			ScanForSourceGeneratedMonoScriptInfo (23ms)
			ResolveRequiredComponents (7ms)
	FinalizeReload (974ms)
		ReleaseScriptCaches (0ms)
		RebuildScriptCaches (0ms)
		SetupLoadedEditorAssemblies (804ms)
			LogAssemblyErrors (0ms)
			InitializePlatformSupportModulesInManaged (5ms)
			SetLoadedEditorAssemblies (6ms)
			RefreshPlugins (0ms)
			BeforeProcessingInitializeOnLoad (74ms)
			ProcessInitializeOnLoadAttributes (666ms)
			ProcessInitializeOnLoadMethodAttributes (47ms)
			AfterProcessingInitializeOnLoad (6ms)
			EditorAssembliesLoaded (0ms)
		ExecutionOrderSort2 (0ms)
		AwakeInstancesAfterBackupRestoration (6ms)
Launched and connected shader compiler UnityShaderCompiler.exe after 0.05 seconds
Refreshing native plugins compatible for Editor in 3.75 ms, found 4 plugins.
Preloading 0 native plugins for Editor in 0.00 ms.
Unloading 4531 Unused Serialized files (Serialized files now loaded: 0)
Unloading 47 unused Assets / (130.6 KB). Loaded Objects now: 5001.
Memory consumption went from 149.8 MB to 149.7 MB.
Total: 5.626500 ms (FindLiveObjects: 0.689800 ms CreateObjectMapping: 0.288800 ms MarkObjects: 4.494600 ms  DeleteObjects: 0.151100 ms)

AssetImportParameters requested are different than current active one (requested -> active):
  custom:container-demuxer-ogg: 62fdf1f143b41e24485cea50d1cbac27 -> 
  custom:video-codec-MediaFoundation-h265: 746d11721c4dcdbdad8f713fa42b33f4 -> 
  custom:video-decoder-ogg-theora: a1e56fd34408186e4bbccfd4996cb3dc -> 
  custom:framework-win-MediaFoundation: 216162199b28c13a410421893ffa2e32 -> 
  custom:CustomObjectIndexerAttribute: 9a22284fe3817be447336de3de66b15e -> 
  custom:container-demuxer-webm: 4f35f7cbe854078d1ac9338744f61a02 -> 
  custom:container-muxer-webm: aa71ff27fc2769a1b78a27578f13a17b -> 
  custom:video-decoder-webm-vp8: 9c59270c3fd7afecdb556c50c9e8de78 -> 
  custom:SearchIndexIgnoredProperties: e643bd26f0fe6173181afceb89e7c659 -> 
  custom:AudioImporter_EditorPlatform: d09bf68614088b80899f8185d706f6e7 -> 
  custom:video-encoder-webm-vp8: eb34c28f22e8b96e1ab97ce403110664 -> 
  custom:audio-decoder-ogg-vorbis: bf7c407c2cedff20999df2af8eb42d56 -> 
  custom:audio-encoder-webm-vorbis: bf7c407c2cedff20999df2af8eb42d56 -> 
========================================================================
Received Import Request.
  Time since last request: 12736.385417 seconds.
  path: Assets/Platformer/Heart and health bars/animations
  artifactKey: Guid(46db0f5df84a78848ad34a93e9f6c65f) Importer(815301076,1909f56bfc062723c751e8b465ee728b)
Start importing Assets/Platformer/Heart and health bars/animations using Guid(46db0f5df84a78848ad34a93e9f6c65f) Importer(815301076,1909f56bfc062723c751e8b465ee728b) [PhysX] Initialized MultithreadedTaskDispatcher with 12 workers.
 -> (artifact id: 'a21092c82da63dcb0b2e87009d3720c0') in 0.003224 seconds
Number of updated asset objects reloaded before import = 0
Number of asset objects unloaded after import = 0
========================================================================
Received Import Request.
  Time since last request: 0.062667 seconds.
  path: Assets/Platformer/Heart and health bars/animations/heart.blink.png
  artifactKey: Guid(b79d3a9498c4e7943b518726f0100a5a) Importer(815301076,1909f56bfc062723c751e8b465ee728b)
Start importing Assets/Platformer/Heart and health bars/animations/heart.blink.png using Guid(b79d3a9498c4e7943b518726f0100a5a) Importer(815301076,1909f56bfc062723c751e8b465ee728b) [PhysX] Initialized MultithreadedTaskDispatcher with 12 workers.
[PhysX] Initialized MultithreadedTaskDispatcher with 12 workers.
 -> (artifact id: '85884ead2e53c18968b14e451f3b6226') in 0.095883 seconds
Number of updated asset objects reloaded before import = 0
Number of asset objects unloaded after import = 3
========================================================================
Received Import Request.
  Time since last request: 3.174399 seconds.
  path: Assets/Platformer/Heart and health bars/healthbar/syringe
  artifactKey: Guid(f07fd579986c80843ac557c7333d340a) Importer(815301076,1909f56bfc062723c751e8b465ee728b)
Start importing Assets/Platformer/Heart and health bars/healthbar/syringe using Guid(f07fd579986c80843ac557c7333d340a) Importer(815301076,1909f56bfc062723c751e8b465ee728b) [PhysX] Initialized MultithreadedTaskDispatcher with 12 workers.
 -> (artifact id: '3cb5685cd85fd9442f41da10d678b64e') in 0.000687 seconds
Number of updated asset objects reloaded before import = 0
Number of asset objects unloaded after import = 0
========================================================================
Received Import Request.
  Time since last request: 0.901773 seconds.
  path: Assets/Platformer/Heart and health bars/healthbar/syringe/vertical
  artifactKey: Guid(36ae104eaa75e7649b1e12aab8769506) Importer(815301076,1909f56bfc062723c751e8b465ee728b)
Start importing Assets/Platformer/Heart and health bars/healthbar/syringe/vertical using Guid(36ae104eaa75e7649b1e12aab8769506) Importer(815301076,1909f56bfc062723c751e8b465ee728b) [PhysX] Initialized MultithreadedTaskDispatcher with 12 workers.
 -> (artifact id: '17fbd36ac37dadfaace3691d6c5104da') in 0.000463 seconds
Number of updated asset objects reloaded before import = 0
Number of asset objects unloaded after import = 0
========================================================================
Received Import Request.
  Time since last request: 0.076313 seconds.
  path: Assets/Platformer/Heart and health bars/healthbar/syringe/vertical/no-heart-syringe-vertical-empty.png
  artifactKey: Guid(d52eab4e95f097645a4b981f841b5437) Importer(815301076,1909f56bfc062723c751e8b465ee728b)
Start importing Assets/Platformer/Heart and health bars/healthbar/syringe/vertical/no-heart-syringe-vertical-empty.png using Guid(d52eab4e95f097645a4b981f841b5437) Importer(815301076,1909f56bfc062723c751e8b465ee728b) [PhysX] Initialized MultithreadedTaskDispatcher with 12 workers.
[PhysX] Initialized MultithreadedTaskDispatcher with 12 workers.
 -> (artifact id: 'a52bdf7e7ed80611ee62ab9ffaf05830') in 0.022438 seconds
Number of updated asset objects reloaded before import = 0
Number of asset objects unloaded after import = 3
========================================================================
Received Import Request.
  Time since last request: 0.000024 seconds.
  path: Assets/Platformer/Heart and health bars/healthbar/syringe/vertical/syringe-vertical-full-1.png
  artifactKey: Guid(2d9f802187fccdc42aa39736922ddae8) Importer(815301076,1909f56bfc062723c751e8b465ee728b)
Start importing Assets/Platformer/Heart and health bars/healthbar/syringe/vertical/syringe-vertical-full-1.png using Guid(2d9f802187fccdc42aa39736922ddae8) Importer(815301076,1909f56bfc062723c751e8b465ee728b) [PhysX] Initialized MultithreadedTaskDispatcher with 12 workers.
[PhysX] Initialized MultithreadedTaskDispatcher with 12 workers.
 -> (artifact id: 'e309e89284eefa41fe9f4c3cc12d9991') in 0.025098 seconds
Number of updated asset objects reloaded before import = 0
Number of asset objects unloaded after import = 3
========================================================================
Received Import Request.
  Time since last request: 0.000024 seconds.
  path: Assets/Platformer/Heart and health bars/healthbar/syringe/vertical/syringe-vertical-full-2.png
  artifactKey: Guid(e538216a526338244b6fda3f9c4e93fd) Importer(815301076,1909f56bfc062723c751e8b465ee728b)
Start importing Assets/Platformer/Heart and health bars/healthbar/syringe/vertical/syringe-vertical-full-2.png using Guid(e538216a526338244b6fda3f9c4e93fd) Importer(815301076,1909f56bfc062723c751e8b465ee728b) [PhysX] Initialized MultithreadedTaskDispatcher with 12 workers.
[PhysX] Initialized MultithreadedTaskDispatcher with 12 workers.
 -> (artifact id: '4b103d230e64911259d3c9b2d3b14027') in 0.025118 seconds
Number of updated asset objects reloaded before import = 0
Number of asset objects unloaded after import = 3
========================================================================
Received Import Request.
  Time since last request: 0.000035 seconds.
  path: Assets/Platformer/Heart and health bars/healthbar/syringe/vertical/syringe-vertical-full-3.png
  artifactKey: Guid(155b4de20a3ef474391fc79ce494898a) Importer(815301076,1909f56bfc062723c751e8b465ee728b)
Start importing Assets/Platformer/Heart and health bars/healthbar/syringe/vertical/syringe-vertical-full-3.png using Guid(155b4de20a3ef474391fc79ce494898a) Importer(815301076,1909f56bfc062723c751e8b465ee728b) [PhysX] Initialized MultithreadedTaskDispatcher with 12 workers.
[PhysX] Initialized MultithreadedTaskDispatcher with 12 workers.
 -> (artifact id: 'e271cf347e6d09229aaa0cd3036ec185') in 0.023669 seconds
Number of updated asset objects reloaded before import = 0
Number of asset objects unloaded after import = 3
========================================================================
Received Import Request.
  Time since last request: 3.212652 seconds.
  path: Assets/Platformer/Heart and health bars/healthbar/pulse
  artifactKey: Guid(f4696af6298d5e94888bae5e89da5138) Importer(815301076,1909f56bfc062723c751e8b465ee728b)
Start importing Assets/Platformer/Heart and health bars/healthbar/pulse using Guid(f4696af6298d5e94888bae5e89da5138) Importer(815301076,1909f56bfc062723c751e8b465ee728b) [PhysX] Initialized MultithreadedTaskDispatcher with 12 workers.
 -> (artifact id: '31b812080d205cfd73c0271f35287517') in 0.000552 seconds
Number of updated asset objects reloaded before import = 0
Number of asset objects unloaded after import = 0
========================================================================
Received Import Request.
  Time since last request: 1.044758 seconds.
  path: Assets/Platformer/Heart and health bars/healthbar/pulse/horizontal
  artifactKey: Guid(61fb7324db855a04eb1d9ec03cd2ea9d) Importer(815301076,1909f56bfc062723c751e8b465ee728b)
Start importing Assets/Platformer/Heart and health bars/healthbar/pulse/horizontal using Guid(61fb7324db855a04eb1d9ec03cd2ea9d) Importer(815301076,1909f56bfc062723c751e8b465ee728b) [PhysX] Initialized MultithreadedTaskDispatcher with 12 workers.
 -> (artifact id: 'bd8e43023e957cbac99796f6c7a9612a') in 0.000477 seconds
Number of updated asset objects reloaded before import = 0
Number of asset objects unloaded after import = 0
========================================================================
Received Import Request.
  Time since last request: 0.087600 seconds.
  path: Assets/Platformer/Heart and health bars/healthbar/pulse/horizontal/no-heart-pulse-empty-1.png
  artifactKey: Guid(aa6d311a5d64b944ea36cbce10e2573d) Importer(815301076,1909f56bfc062723c751e8b465ee728b)
Start importing Assets/Platformer/Heart and health bars/healthbar/pulse/horizontal/no-heart-pulse-empty-1.png using Guid(aa6d311a5d64b944ea36cbce10e2573d) Importer(815301076,1909f56bfc062723c751e8b465ee728b) [PhysX] Initialized MultithreadedTaskDispatcher with 12 workers.
[PhysX] Initialized MultithreadedTaskDispatcher with 12 workers.
 -> (artifact id: 'd1f0236a2693fe8b0f7f473b16d2fb16') in 0.025281 seconds
Number of updated asset objects reloaded before import = 0
Number of asset objects unloaded after import = 3
========================================================================
Received Import Request.
  Time since last request: 0.000023 seconds.
  path: Assets/Platformer/Heart and health bars/healthbar/pulse/horizontal/no-heart-pulse-full-1.png
  artifactKey: Guid(d5c957ffa43bdee4c95ceda3aaf1505d) Importer(815301076,1909f56bfc062723c751e8b465ee728b)
Start importing Assets/Platformer/Heart and health bars/healthbar/pulse/horizontal/no-heart-pulse-full-1.png using Guid(d5c957ffa43bdee4c95ceda3aaf1505d) Importer(815301076,1909f56bfc062723c751e8b465ee728b) [PhysX] Initialized MultithreadedTaskDispatcher with 12 workers.
[PhysX] Initialized MultithreadedTaskDispatcher with 12 workers.
 -> (artifact id: 'af4cb32a123a7165f356d40c93c07aec') in 0.020859 seconds
Number of updated asset objects reloaded before import = 0
Number of asset objects unloaded after import = 3
========================================================================
Received Import Request.
  Time since last request: 0.000028 seconds.
  path: Assets/Platformer/Heart and health bars/healthbar/pulse/horizontal/pulse-full-3.png
  artifactKey: Guid(5360fe9c7c0e6a1498884b5ecf8f0433) Importer(815301076,1909f56bfc062723c751e8b465ee728b)
Start importing Assets/Platformer/Heart and health bars/healthbar/pulse/horizontal/pulse-full-3.png using Guid(5360fe9c7c0e6a1498884b5ecf8f0433) Importer(815301076,1909f56bfc062723c751e8b465ee728b) [PhysX] Initialized MultithreadedTaskDispatcher with 12 workers.
[PhysX] Initialized MultithreadedTaskDispatcher with 12 workers.
 -> (artifact id: '8a3c400076fa311d34d4622a8657c9a8') in 0.021463 seconds
Number of updated asset objects reloaded before import = 0
Number of asset objects unloaded after import = 3
========================================================================
Received Import Request.
  Time since last request: 0.000032 seconds.
  path: Assets/Platformer/Heart and health bars/healthbar/pulse/horizontal/pulse-empty-1.png
  artifactKey: Guid(64e96cb84624f524e9c079c473ce28e5) Importer(815301076,1909f56bfc062723c751e8b465ee728b)
Start importing Assets/Platformer/Heart and health bars/healthbar/pulse/horizontal/pulse-empty-1.png using Guid(64e96cb84624f524e9c079c473ce28e5) Importer(815301076,1909f56bfc062723c751e8b465ee728b) [PhysX] Initialized MultithreadedTaskDispatcher with 12 workers.
[PhysX] Initialized MultithreadedTaskDispatcher with 12 workers.
 -> (artifact id: '7c95474c15dc0d7ef37fbe4f18ab7142') in 0.018895 seconds
Number of updated asset objects reloaded before import = 0
Number of asset objects unloaded after import = 3
========================================================================
Received Import Request.
  Time since last request: 0.000022 seconds.
  path: Assets/Platformer/Heart and health bars/healthbar/pulse/horizontal/no-heart-pulse-full-2.png
  artifactKey: Guid(4a388b9f4f293a84fad6f0ab33800c06) Importer(815301076,1909f56bfc062723c751e8b465ee728b)
Start importing Assets/Platformer/Heart and health bars/healthbar/pulse/horizontal/no-heart-pulse-full-2.png using Guid(4a388b9f4f293a84fad6f0ab33800c06) Importer(815301076,1909f56bfc062723c751e8b465ee728b) [PhysX] Initialized MultithreadedTaskDispatcher with 12 workers.
[PhysX] Initialized MultithreadedTaskDispatcher with 12 workers.
 -> (artifact id: 'f2c400e5c8294cc10b9cbc39eb066163') in 0.019248 seconds
Number of updated asset objects reloaded before import = 0
Number of asset objects unloaded after import = 3
========================================================================
Received Import Request.
  Time since last request: 5.565656 seconds.
  path: Assets/Platformer/Heart and health bars/healthbar/standard/horizontal
  artifactKey: Guid(b8a44b456a44eaf4e8a8501d82f1f211) Importer(815301076,1909f56bfc062723c751e8b465ee728b)
Start importing Assets/Platformer/Heart and health bars/healthbar/standard/horizontal using Guid(b8a44b456a44eaf4e8a8501d82f1f211) Importer(815301076,1909f56bfc062723c751e8b465ee728b) [PhysX] Initialized MultithreadedTaskDispatcher with 12 workers.
 -> (artifact id: '0ae9292089f061dcbd0b29e78fd99ff4') in 0.000728 seconds
Number of updated asset objects reloaded before import = 0
Number of asset objects unloaded after import = 0
========================================================================
Received Import Request.
  Time since last request: 1.413033 seconds.
  path: Assets/Platformer/Heart and health bars/healthbar/standard/horizontal/no-heart-standard-empty-1.png
  artifactKey: Guid(48c332c9b50e6b545847d01d8d9c0487) Importer(815301076,1909f56bfc062723c751e8b465ee728b)
Start importing Assets/Platformer/Heart and health bars/healthbar/standard/horizontal/no-heart-standard-empty-1.png using Guid(48c332c9b50e6b545847d01d8d9c0487) Importer(815301076,1909f56bfc062723c751e8b465ee728b) [PhysX] Initialized MultithreadedTaskDispatcher with 12 workers.
[PhysX] Initialized MultithreadedTaskDispatcher with 12 workers.
 -> (artifact id: 'e734c36abee8f4a976b0dc9ac4cb8a7b') in 0.020063 seconds
Number of updated asset objects reloaded before import = 0
Number of asset objects unloaded after import = 3
========================================================================
Received Import Request.
  Time since last request: 0.000020 seconds.
  path: Assets/Platformer/Heart and health bars/healthbar/standard/horizontal/standard-empty-3.png
  artifactKey: Guid(ec4039039d248184398de54c872dbdac) Importer(815301076,1909f56bfc062723c751e8b465ee728b)
Start importing Assets/Platformer/Heart and health bars/healthbar/standard/horizontal/standard-empty-3.png using Guid(ec4039039d248184398de54c872dbdac) Importer(815301076,1909f56bfc062723c751e8b465ee728b) [PhysX] Initialized MultithreadedTaskDispatcher with 12 workers.
[PhysX] Initialized MultithreadedTaskDispatcher with 12 workers.
 -> (artifact id: '58034a61aaba594c4bbe730ccacf6e52') in 0.021894 seconds
Number of updated asset objects reloaded before import = 0
Number of asset objects unloaded after import = 3
========================================================================
Received Import Request.
  Time since last request: 0.000025 seconds.
  path: Assets/Platformer/Heart and health bars/healthbar/standard/horizontal/standard-1.png
  artifactKey: Guid(8607f027db8afe748ab171a308209605) Importer(815301076,1909f56bfc062723c751e8b465ee728b)
Start importing Assets/Platformer/Heart and health bars/healthbar/standard/horizontal/standard-1.png using Guid(8607f027db8afe748ab171a308209605) Importer(815301076,1909f56bfc062723c751e8b465ee728b) [PhysX] Initialized MultithreadedTaskDispatcher with 12 workers.
[PhysX] Initialized MultithreadedTaskDispatcher with 12 workers.
 -> (artifact id: '7bf8c89269abff9640962405e5eb5a90') in 0.024448 seconds
Number of updated asset objects reloaded before import = 0
Number of asset objects unloaded after import = 3
========================================================================
Received Import Request.
  Time since last request: 0.000031 seconds.
  path: Assets/Platformer/Heart and health bars/healthbar/standard/horizontal/standard-full-2.png
  artifactKey: Guid(3f803bb220820554593f56f162b06d8c) Importer(815301076,1909f56bfc062723c751e8b465ee728b)
Start importing Assets/Platformer/Heart and health bars/healthbar/standard/horizontal/standard-full-2.png using Guid(3f803bb220820554593f56f162b06d8c) Importer(815301076,1909f56bfc062723c751e8b465ee728b) [PhysX] Initialized MultithreadedTaskDispatcher with 12 workers.
[PhysX] Initialized MultithreadedTaskDispatcher with 12 workers.
 -> (artifact id: 'bb11bc7ba9f27c093c79f54262c67897') in 0.022886 seconds
Number of updated asset objects reloaded before import = 0
Number of asset objects unloaded after import = 3
========================================================================
Received Import Request.
  Time since last request: 0.000039 seconds.
  path: Assets/Platformer/Heart and health bars/healthbar/standard/horizontal/standard-full-1.png
  artifactKey: Guid(67c90919b8e8f6844a0cf3a9f22a35b6) Importer(815301076,1909f56bfc062723c751e8b465ee728b)
Start importing Assets/Platformer/Heart and health bars/healthbar/standard/horizontal/standard-full-1.png using Guid(67c90919b8e8f6844a0cf3a9f22a35b6) Importer(815301076,1909f56bfc062723c751e8b465ee728b) [PhysX] Initialized MultithreadedTaskDispatcher with 12 workers.
[PhysX] Initialized MultithreadedTaskDispatcher with 12 workers.
 -> (artifact id: '721d0d50777ebbdb0a6a7a249f2a268c') in 0.021428 seconds
Number of updated asset objects reloaded before import = 0
Number of asset objects unloaded after import = 3
Editor requested this worker to shutdown with reason: Scaling down because of idle timeout
TcpMessagingSession - receive error: operation aborted. errorcode: 995, details: The I/O operation has been aborted because of either a thread exit or an application request.
AssetImportWorker is now disconnected from the server
Process exiting
Exiting without the bug reporter. Application will terminate with return code 0